<?xml version="1.0" encoding="UTF-8"?>
<!-- Generated by org.testng.reporters.JUnitXMLReporter -->
<testsuite hostname="LAPTOP-NLMRCDTF" name="Test" tests="1" failures="0" timestamp="24 Jul 2020 17:59:47 GMT" time="0.073" errors="0">
  <testcase name="@BeforeClass launchApp" time="0.0" classname="testcases.TC001">
    <failure type="java.lang.NullPointerException">
      <![CDATA[java.lang.NullPointerException
	at testcases.baseTest.launchApp(baseTest.java:24)
... Removed 25 stack frames]]>
    </failure>
  </testcase> <!-- @BeforeClass launchApp -->
  <testcase name="@BeforeMethod loginToApp" time="0.0" classname="testcases.TC001">
    <skipped/>
  </testcase> <!-- @BeforeMethod loginToApp -->
  <testcase name="@AfterMethod logoutToApp" time="0.0" classname="testcases.TC001">
    <skipped/>
  </testcase> <!-- @AfterMethod logoutToApp -->
  <testcase name="@AfterClass closeApp" time="0.0" classname="testcases.TC001">
    <failure type="java.lang.NullPointerException">
      <![CDATA[java.lang.NullPointerException
	at testcases.baseTest.closeApp(baseTest.java:47)
... Removed 25 stack frames]]>
    </failure>
  </testcase> <!-- @AfterClass closeApp -->
  <testcase name="TF" time="0.002" classname="testcases.TC001">
    <skipped/>
  </testcase> <!-- TF -->
</testsuite> <!-- Test -->
