<?xml version="1.0" encoding="UTF-8"?>
<testng-results skipped="0" failed="0" total="3" passed="3">
  <reporter-output>
  </reporter-output>
  <suite name="Default suite" duration-ms="34788" started-at="2020-07-28T15:11:06Z" finished-at="2020-07-28T15:11:41Z">
    <groups>
    </groups>
    <test name="Default test" duration-ms="34788" started-at="2020-07-28T15:11:06Z" finished-at="2020-07-28T15:11:41Z">
      <class name="testcases.TC002">
        <test-method status="PASS" signature="launchApp()[pri:0, instance:testcases.TC002@42e99e4a]" name="launchApp" is-config="true" duration-ms="29969" started-at="2020-07-28T20:41:06Z" finished-at="2020-07-28T20:41:36Z">
          <reporter-output>
          </reporter-output>
        </test-method> <!-- launchApp -->
        <test-method status="PASS" signature="name(java.lang.String)[pri:0, instance:testcases.TC002@42e99e4a]" name="name" duration-ms="341" started-at="2020-07-28T20:41:37Z" data-provider="getData" finished-at="2020-07-28T20:41:37Z">
          <params>
            <param index="0">
              <value>
                <![CDATA[Santosh]]>
              </value>
            </param>
          </params>
          <reporter-output>
          </reporter-output>
        </test-method> <!-- name -->
        <test-method status="PASS" signature="name(java.lang.String)[pri:0, instance:testcases.TC002@42e99e4a]" name="name" duration-ms="119" started-at="2020-07-28T20:41:37Z" data-provider="getData" finished-at="2020-07-28T20:41:38Z">
          <params>
            <param index="0">
              <value>
                <![CDATA[saan]]>
              </value>
            </param>
          </params>
          <reporter-output>
          </reporter-output>
        </test-method> <!-- name -->
        <test-method status="PASS" signature="name(java.lang.String)[pri:0, instance:testcases.TC002@42e99e4a]" name="name" duration-ms="123" started-at="2020-07-28T20:41:38Z" data-provider="getData" finished-at="2020-07-28T20:41:38Z">
          <params>
            <param index="0">
              <value>
                <![CDATA[santoshshrinivasshriramoj]]>
              </value>
            </param>
          </params>
          <reporter-output>
          </reporter-output>
        </test-method> <!-- name -->
        <test-method status="PASS" signature="closeApp()[pri:0, instance:testcases.TC002@42e99e4a]" name="closeApp" is-config="true" duration-ms="3038" started-at="2020-07-28T20:41:38Z" finished-at="2020-07-28T20:41:41Z">
          <reporter-output>
          </reporter-output>
        </test-method> <!-- closeApp -->
      </class> <!-- testcases.TC002 -->
    </test> <!-- Default test -->
  </suite> <!-- Default suite -->
</testng-results>
